Performing C SOURCE FILE Test CMAKE_HAVE_LIBC_PTHREAD failed with the following output:
Change Dir: /home/user/Documents/ros_pp/ros_ws/build/CMakeFiles/CMakeScratch/TryCompile-LmseZI

Run Build Command(s):/usr/bin/make -f Makefile cmTC_d5dd7/fast && /usr/bin/make  -f CMakeFiles/cmTC_d5dd7.dir/build.make CMakeFiles/cmTC_d5dd7.dir/build
make[1] : on entre dans le répertoire « /home/user/Documents/ros_pp/ros_ws/build/CMakeFiles/CMakeScratch/TryCompile-LmseZI »
Building C object CMakeFiles/cmTC_d5dd7.dir/src.c.o
/usr/bin/cc -DCMAKE_HAVE_LIBC_PTHREAD   -o CMakeFiles/cmTC_d5dd7.dir/src.c.o -c /home/user/Documents/ros_pp/ros_ws/build/CMakeFiles/CMakeScratch/TryCompile-LmseZI/src.c
Linking C executable cmTC_d5dd7
/home/user/miniconda3/lib/python3.8/site-packages/cmake/data/bin/cmake -E cmake_link_script CMakeFiles/cmTC_d5dd7.dir/link.txt --verbose=1
/usr/bin/cc -rdynamic CMakeFiles/cmTC_d5dd7.dir/src.c.o -o cmTC_d5dd7 
/usr/bin/ld : CMakeFiles/cmTC_d5dd7.dir/src.c.o : dans la fonction « main » :
src.c:(.text+0x46) : référence indéfinie vers « pthread_create »
/usr/bin/ld : src.c:(.text+0x52) : référence indéfinie vers « pthread_detach »
/usr/bin/ld : src.c:(.text+0x5e) : référence indéfinie vers « pthread_cancel »
/usr/bin/ld : src.c:(.text+0x6f) : référence indéfinie vers « pthread_join »
collect2: error: ld returned 1 exit status
make[1]: *** [CMakeFiles/cmTC_d5dd7.dir/build.make:99 : cmTC_d5dd7] Erreur 1
make[1] : on quitte le répertoire « /home/user/Documents/ros_pp/ros_ws/build/CMakeFiles/CMakeScratch/TryCompile-LmseZI »
make: *** [Makefile:127 : cmTC_d5dd7/fast] Erreur 2


Source file was:
#include <pthread.h>

static void* test_func(void* data)
{
  return data;
}

int main(void)
{
  pthread_t thread;
  pthread_create(&thread, NULL, test_func, NULL);
  pthread_detach(thread);
  pthread_cancel(thread);
  pthread_join(thread, NULL);
  pthread_atfork(NULL, NULL, NULL);
  pthread_exit(NULL);

  return 0;
}


Determining if the function pthread_create exists in the pthreads failed with the following output:
Change Dir: /home/user/Documents/ros_pp/ros_ws/build/CMakeFiles/CMakeScratch/TryCompile-ZOwiEK

Run Build Command(s):/usr/bin/make -f Makefile cmTC_4708d/fast && /usr/bin/make  -f CMakeFiles/cmTC_4708d.dir/build.make CMakeFiles/cmTC_4708d.dir/build
make[1] : on entre dans le répertoire « /home/user/Documents/ros_pp/ros_ws/build/CMakeFiles/CMakeScratch/TryCompile-ZOwiEK »
Building C object CMakeFiles/cmTC_4708d.dir/CheckFunctionExists.c.o
/usr/bin/cc   -DCHECK_FUNCTION_EXISTS=pthread_create -o CMakeFiles/cmTC_4708d.dir/CheckFunctionExists.c.o -c /home/user/Documents/ros_pp/ros_ws/build/CMakeFiles/CMakeScratch/TryCompile-ZOwiEK/CheckFunctionExists.c
Linking C executable cmTC_4708d
/home/user/miniconda3/lib/python3.8/site-packages/cmake/data/bin/cmake -E cmake_link_script CMakeFiles/cmTC_4708d.dir/link.txt --verbose=1
/usr/bin/cc  -DCHECK_FUNCTION_EXISTS=pthread_create -rdynamic CMakeFiles/cmTC_4708d.dir/CheckFunctionExists.c.o -o cmTC_4708d  -lpthreads 
/usr/bin/ld : ne peut trouver -lpthreads
collect2: error: ld returned 1 exit status
make[1]: *** [CMakeFiles/cmTC_4708d.dir/build.make:99 : cmTC_4708d] Erreur 1
make[1] : on quitte le répertoire « /home/user/Documents/ros_pp/ros_ws/build/CMakeFiles/CMakeScratch/TryCompile-ZOwiEK »
make: *** [Makefile:127 : cmTC_4708d/fast] Erreur 2



